<?xml version="1.0" encoding="UTF-8"?>
<coverage generated="1693849160259" clover="3.2.0">
  <project timestamp="1693849160259" name="All files">
    <metrics statements="43" coveredstatements="43" conditionals="15" coveredconditionals="15" methods="6" coveredmethods="6" elements="64" coveredelements="64" complexity="0" loc="43" ncloc="43" packages="3" files="6" classes="6"/>
    <package name="features.filterByCountry.utils">
      <metrics statements="7" coveredstatements="7" conditionals="2" coveredconditionals="2" methods="1" coveredmethods="1"/>
      <file name="filterByCountry.ts" path="/Users/clementstorne/Mon Drive/Webdev/FrontEndMentor/rest-countries-api-with-color-theme-switcher-main/src/features/filterByCountry/utils/filterByCountry.ts">
        <metrics statements="7" coveredstatements="7" conditionals="2" coveredconditionals="2" methods="1" coveredmethods="1"/>
        <line num="1" count="1" type="cond" truecount="1" falsecount="0"/>
        <line num="2" count="4" type="cond" truecount="1" falsecount="0"/>
        <line num="3" count="12" type="stmt"/>
        <line num="4" count="4" type="stmt"/>
        <line num="5" count="4" type="stmt"/>
        <line num="6" count="1" type="stmt"/>
        <line num="7" count="1" type="stmt"/>
      </file>
    </package>
    <package name="features.filterByRegion.utils">
      <metrics statements="7" coveredstatements="7" conditionals="2" coveredconditionals="2" methods="1" coveredmethods="1"/>
      <file name="filterByRegion.ts" path="/Users/clementstorne/Mon Drive/Webdev/FrontEndMentor/rest-countries-api-with-color-theme-switcher-main/src/features/filterByRegion/utils/filterByRegion.ts">
        <metrics statements="7" coveredstatements="7" conditionals="2" coveredconditionals="2" methods="1" coveredmethods="1"/>
        <line num="1" count="1" type="cond" truecount="1" falsecount="0"/>
        <line num="2" count="4" type="cond" truecount="1" falsecount="0"/>
        <line num="3" count="12" type="stmt"/>
        <line num="4" count="4" type="stmt"/>
        <line num="5" count="4" type="stmt"/>
        <line num="6" count="1" type="stmt"/>
        <line num="7" count="1" type="stmt"/>
      </file>
    </package>
    <package name="utils">
      <metrics statements="29" coveredstatements="29" conditionals="11" coveredconditionals="11" methods="4" coveredmethods="4"/>
      <file name="formatNumber.ts" path="/Users/clementstorne/Mon Drive/Webdev/FrontEndMentor/rest-countries-api-with-color-theme-switcher-main/src/utils/formatNumber.ts">
        <metrics statements="5" coveredstatements="5" conditionals="1" coveredconditionals="1" methods="1" coveredmethods="1"/>
        <line num="1" count="1" type="cond" truecount="1" falsecount="0"/>
        <line num="2" count="5" type="stmt"/>
        <line num="3" count="5" type="stmt"/>
        <line num="4" count="1" type="stmt"/>
        <line num="5" count="1" type="stmt"/>
      </file>
      <file name="getBorderCountries.ts" path="/Users/clementstorne/Mon Drive/Webdev/FrontEndMentor/rest-countries-api-with-color-theme-switcher-main/src/utils/getBorderCountries.ts">
        <metrics statements="12" coveredstatements="12" conditionals="2" coveredconditionals="2" methods="1" coveredmethods="1"/>
        <line num="1" count="1" type="cond" truecount="1" falsecount="0"/>
        <line num="2" count="2" type="stmt"/>
        <line num="3" count="2" type="stmt"/>
        <line num="4" count="2" type="stmt"/>
        <line num="5" count="2" type="stmt"/>
        <line num="6" count="2" type="cond" truecount="1" falsecount="0"/>
        <line num="7" count="3" type="stmt"/>
        <line num="8" count="3" type="stmt"/>
        <line num="9" count="2" type="stmt"/>
        <line num="10" count="2" type="stmt"/>
        <line num="11" count="1" type="stmt"/>
        <line num="12" count="1" type="stmt"/>
      </file>
      <file name="intersectionOfArrays.ts" path="/Users/clementstorne/Mon Drive/Webdev/FrontEndMentor/rest-countries-api-with-color-theme-switcher-main/src/utils/intersectionOfArrays.ts">
        <metrics statements="7" coveredstatements="7" conditionals="2" coveredconditionals="2" methods="1" coveredmethods="1"/>
        <line num="1" count="1" type="cond" truecount="1" falsecount="0"/>
        <line num="2" count="3" type="stmt"/>
        <line num="3" count="3" type="stmt"/>
        <line num="4" count="3" type="cond" truecount="1" falsecount="0"/>
        <line num="5" count="3" type="stmt"/>
        <line num="6" count="1" type="stmt"/>
        <line num="7" count="1" type="stmt"/>
      </file>
      <file name="sortCountriesByName.ts" path="/Users/clementstorne/Mon Drive/Webdev/FrontEndMentor/rest-countries-api-with-color-theme-switcher-main/src/utils/sortCountriesByName.ts">
        <metrics statements="5" coveredstatements="5" conditionals="6" coveredconditionals="6" methods="1" coveredmethods="1"/>
        <line num="1" count="1" type="cond" truecount="1" falsecount="0"/>
        <line num="2" count="5" type="cond" truecount="5" falsecount="0"/>
        <line num="3" count="5" type="stmt"/>
        <line num="4" count="1" type="stmt"/>
        <line num="5" count="1" type="stmt"/>
      </file>
    </package>
  </project>
</coverage>
