{"/Users/clementstorne/Mon Drive/Webdev/FrontEndMentor/rest-countries-api-with-color-theme-switcher-main/src/features/filterByCountry/utils/filterByCountry.ts": {"path":"/Users/clementstorne/Mon Drive/Webdev/FrontEndMentor/rest-countries-api-with-color-theme-switcher-main/src/features/filterByCountry/utils/filterByCountry.ts","all":false,"statementMap":{"0":{"start":{"line":1,"column":0},"end":{"line":1,"column":72}},"1":{"start":{"line":2,"column":0},"end":{"line":2,"column":34}},"2":{"start":{"line":3,"column":0},"end":{"line":3,"column":69}},"3":{"start":{"line":4,"column":0},"end":{"line":4,"column":5}},"4":{"start":{"line":5,"column":0},"end":{"line":5,"column":2}},"5":{"start":{"line":6,"column":0},"end":{"line":6,"column":0}},"6":{"start":{"line":7,"column":0},"end":{"line":7,"column":31}}},"s":{"0":1,"1":4,"2":12,"3":4,"4":4,"5":1,"6":1},"branchMap":{"0":{"type":"branch","line":1,"loc":{"start":{"line":1,"column":24},"end":{"line":5,"column":2}},"locations":[{"start":{"line":1,"column":24},"end":{"line":5,"column":2}}]},"1":{"type":"branch","line":2,"loc":{"start":{"line":2,"column":20},"end":{"line":4,"column":3}},"locations":[{"start":{"line":2,"column":20},"end":{"line":4,"column":3}}]}},"b":{"0":[4],"1":[12]},"fnMap":{"0":{"name":"filterByCountry","decl":{"start":{"line":1,"column":24},"end":{"line":5,"column":2}},"loc":{"start":{"line":1,"column":24},"end":{"line":5,"column":2}},"line":1}},"f":{"0":4}}
,"/Users/clementstorne/Mon Drive/Webdev/FrontEndMentor/rest-countries-api-with-color-theme-switcher-main/src/features/filterByRegion/utils/filterByRegion.ts": {"path":"/Users/clementstorne/Mon Drive/Webdev/FrontEndMentor/rest-countries-api-with-color-theme-switcher-main/src/features/filterByRegion/utils/filterByRegion.ts","all":false,"statementMap":{"0":{"start":{"line":1,"column":0},"end":{"line":1,"column":71}},"1":{"start":{"line":2,"column":0},"end":{"line":2,"column":34}},"2":{"start":{"line":3,"column":0},"end":{"line":3,"column":71}},"3":{"start":{"line":4,"column":0},"end":{"line":4,"column":5}},"4":{"start":{"line":5,"column":0},"end":{"line":5,"column":2}},"5":{"start":{"line":6,"column":0},"end":{"line":6,"column":0}},"6":{"start":{"line":7,"column":0},"end":{"line":7,"column":30}}},"s":{"0":1,"1":4,"2":12,"3":4,"4":4,"5":1,"6":1},"branchMap":{"0":{"type":"branch","line":1,"loc":{"start":{"line":1,"column":23},"end":{"line":5,"column":2}},"locations":[{"start":{"line":1,"column":23},"end":{"line":5,"column":2}}]},"1":{"type":"branch","line":2,"loc":{"start":{"line":2,"column":20},"end":{"line":4,"column":3}},"locations":[{"start":{"line":2,"column":20},"end":{"line":4,"column":3}}]}},"b":{"0":[4],"1":[12]},"fnMap":{"0":{"name":"filterByRegion","decl":{"start":{"line":1,"column":23},"end":{"line":5,"column":2}},"loc":{"start":{"line":1,"column":23},"end":{"line":5,"column":2}},"line":1}},"f":{"0":4}}
,"/Users/clementstorne/Mon Drive/Webdev/FrontEndMentor/rest-countries-api-with-color-theme-switcher-main/src/utils/formatNumber.ts": {"path":"/Users/clementstorne/Mon Drive/Webdev/FrontEndMentor/rest-countries-api-with-color-theme-switcher-main/src/utils/formatNumber.ts","all":false,"statementMap":{"0":{"start":{"line":1,"column":0},"end":{"line":1,"column":45}},"1":{"start":{"line":2,"column":0},"end":{"line":2,"column":50}},"2":{"start":{"line":3,"column":0},"end":{"line":3,"column":2}},"3":{"start":{"line":4,"column":0},"end":{"line":4,"column":0}},"4":{"start":{"line":5,"column":0},"end":{"line":5,"column":28}}},"s":{"0":1,"1":5,"2":5,"3":1,"4":1},"branchMap":{"0":{"type":"branch","line":1,"loc":{"start":{"line":1,"column":21},"end":{"line":3,"column":2}},"locations":[{"start":{"line":1,"column":21},"end":{"line":3,"column":2}}]}},"b":{"0":[5]},"fnMap":{"0":{"name":"formatNumber","decl":{"start":{"line":1,"column":21},"end":{"line":3,"column":2}},"loc":{"start":{"line":1,"column":21},"end":{"line":3,"column":2}},"line":1}},"f":{"0":5}}
,"/Users/clementstorne/Mon Drive/Webdev/FrontEndMentor/rest-countries-api-with-color-theme-switcher-main/src/utils/getBorderCountries.ts": {"path":"/Users/clementstorne/Mon Drive/Webdev/FrontEndMentor/rest-countries-api-with-color-theme-switcher-main/src/utils/getBorderCountries.ts","all":false,"statementMap":{"0":{"start":{"line":1,"column":0},"end":{"line":1,"column":28}},"1":{"start":{"line":2,"column":0},"end":{"line":2,"column":23}},"2":{"start":{"line":3,"column":0},"end":{"line":3,"column":22}},"3":{"start":{"line":4,"column":0},"end":{"line":4,"column":46}},"4":{"start":{"line":5,"column":0},"end":{"line":5,"column":57}},"5":{"start":{"line":6,"column":0},"end":{"line":6,"column":47}},"6":{"start":{"line":7,"column":0},"end":{"line":7,"column":59}},"7":{"start":{"line":8,"column":0},"end":{"line":8,"column":3}},"8":{"start":{"line":9,"column":0},"end":{"line":9,"column":13}},"9":{"start":{"line":10,"column":0},"end":{"line":10,"column":2}},"10":{"start":{"line":11,"column":0},"end":{"line":11,"column":0}},"11":{"start":{"line":12,"column":0},"end":{"line":12,"column":34}}},"s":{"0":1,"1":2,"2":2,"3":2,"4":2,"5":2,"6":3,"7":3,"8":2,"9":2,"10":1,"11":1},"branchMap":{"0":{"type":"branch","line":1,"loc":{"start":{"line":1,"column":27},"end":{"line":10,"column":2}},"locations":[{"start":{"line":1,"column":27},"end":{"line":10,"column":2}}]},"1":{"type":"branch","line":6,"loc":{"start":{"line":6,"column":46},"end":{"line":8,"column":3}},"locations":[{"start":{"line":6,"column":46},"end":{"line":8,"column":3}}]}},"b":{"0":[2],"1":[3]},"fnMap":{"0":{"name":"getBorderCountries","decl":{"start":{"line":1,"column":27},"end":{"line":10,"column":2}},"loc":{"start":{"line":1,"column":27},"end":{"line":10,"column":2}},"line":1}},"f":{"0":2}}
,"/Users/clementstorne/Mon Drive/Webdev/FrontEndMentor/rest-countries-api-with-color-theme-switcher-main/src/utils/intersectionOfArrays.ts": {"path":"/Users/clementstorne/Mon Drive/Webdev/FrontEndMentor/rest-countries-api-with-color-theme-switcher-main/src/utils/intersectionOfArrays.ts","all":false,"statementMap":{"0":{"start":{"line":1,"column":0},"end":{"line":1,"column":73}},"1":{"start":{"line":2,"column":0},"end":{"line":2,"column":42}},"2":{"start":{"line":3,"column":0},"end":{"line":3,"column":44}},"3":{"start":{"line":4,"column":0},"end":{"line":4,"column":55}},"4":{"start":{"line":5,"column":0},"end":{"line":5,"column":2}},"5":{"start":{"line":6,"column":0},"end":{"line":6,"column":0}},"6":{"start":{"line":7,"column":0},"end":{"line":7,"column":36}}},"s":{"0":1,"1":3,"2":3,"3":3,"4":3,"5":1,"6":1},"branchMap":{"0":{"type":"branch","line":1,"loc":{"start":{"line":1,"column":29},"end":{"line":5,"column":2}},"locations":[{"start":{"line":1,"column":29},"end":{"line":5,"column":2}}]},"1":{"type":"branch","line":4,"loc":{"start":{"line":4,"column":27},"end":{"line":4,"column":53}},"locations":[{"start":{"line":4,"column":27},"end":{"line":4,"column":53}}]}},"b":{"0":[3],"1":[7]},"fnMap":{"0":{"name":"intersectionOfArrays","decl":{"start":{"line":1,"column":29},"end":{"line":5,"column":2}},"loc":{"start":{"line":1,"column":29},"end":{"line":5,"column":2}},"line":1}},"f":{"0":3}}
,"/Users/clementstorne/Mon Drive/Webdev/FrontEndMentor/rest-countries-api-with-color-theme-switcher-main/src/utils/sortCountriesByName.ts": {"path":"/Users/clementstorne/Mon Drive/Webdev/FrontEndMentor/rest-countries-api-with-color-theme-switcher-main/src/utils/sortCountriesByName.ts","all":false,"statementMap":{"0":{"start":{"line":1,"column":0},"end":{"line":1,"column":60}},"1":{"start":{"line":2,"column":0},"end":{"line":2,"column":78}},"2":{"start":{"line":3,"column":0},"end":{"line":3,"column":2}},"3":{"start":{"line":4,"column":0},"end":{"line":4,"column":0}},"4":{"start":{"line":5,"column":0},"end":{"line":5,"column":35}}},"s":{"0":1,"1":5,"2":5,"3":1,"4":1},"branchMap":{"0":{"type":"branch","line":1,"loc":{"start":{"line":1,"column":28},"end":{"line":3,"column":2}},"locations":[{"start":{"line":1,"column":28},"end":{"line":3,"column":2}}]},"1":{"type":"branch","line":2,"loc":{"start":{"line":2,"column":18},"end":{"line":2,"column":76}},"locations":[{"start":{"line":2,"column":18},"end":{"line":2,"column":76}}]},"2":{"type":"branch","line":2,"loc":{"start":{"line":2,"column":40},"end":{"line":2,"column":51}},"locations":[{"start":{"line":2,"column":40},"end":{"line":2,"column":51}}]},"3":{"type":"branch","line":2,"loc":{"start":{"line":2,"column":47},"end":{"line":2,"column":76}},"locations":[{"start":{"line":2,"column":47},"end":{"line":2,"column":76}}]},"4":{"type":"branch","line":2,"loc":{"start":{"line":2,"column":62},"end":{"line":2,"column":74}},"locations":[{"start":{"line":2,"column":62},"end":{"line":2,"column":74}}]},"5":{"type":"branch","line":2,"loc":{"start":{"line":2,"column":69},"end":{"line":2,"column":76}},"locations":[{"start":{"line":2,"column":69},"end":{"line":2,"column":76}}]}},"b":{"0":[5],"1":[10],"2":[5],"3":[5],"4":[4],"5":[1]},"fnMap":{"0":{"name":"sortCountriesByName","decl":{"start":{"line":1,"column":28},"end":{"line":3,"column":2}},"loc":{"start":{"line":1,"column":28},"end":{"line":3,"column":2}},"line":1}},"f":{"0":5}}
}
